<?xml version="1.0" encoding="utf-8"?><testsuites name="pytest tests"><testsuite name="pytest" errors="0" failures="0" skipped="1" tests="12" time="24.548" timestamp="2026-02-20T23:21:15.759635+00:00" hostname="agent-env-f4908f3d-bfb7-4e8c-93f9-7d852bd64df0"><testcase classname="backend.tests.test_announcements_ai.TestAnnouncementsAI" name="test_01_admin_login" time="0.386" /><testcase classname="backend.tests.test_announcements_ai.TestAnnouncementsAI" name="test_02_generate_announcement_professional" time="4.879" /><testcase classname="backend.tests.test_announcements_ai.TestAnnouncementsAI" name="test_03_generate_announcement_friendly" time="5.321" /><testcase classname="backend.tests.test_announcements_ai.TestAnnouncementsAI" name="test_04_generate_announcement_urgent" time="1.959" /><testcase classname="backend.tests.test_announcements_ai.TestAnnouncementsAI" name="test_05_generate_announcement_celebratory" time="3.408" /><testcase classname="backend.tests.test_announcements_ai.TestAnnouncementsAI" name="test_06_generate_announcement_no_audience" time="2.120" /><testcase classname="backend.tests.test_announcements_ai.TestAnnouncementsAI" name="test_07_create_manual_announcement" time="0.136" /><testcase classname="backend.tests.test_announcements_ai.TestAnnouncementsAI" name="test_08_create_ai_generated_announcement" time="5.037" /><testcase classname="backend.tests.test_announcements_ai.TestAnnouncementsAI" name="test_09_get_announcements_list" time="0.138" /><testcase classname="backend.tests.test_announcements_ai.TestAnnouncementsAI" name="test_10_generate_unauthorized_without_token" time="0.146" /><testcase classname="backend.tests.test_announcements_ai.TestAnnouncementsAI" name="test_11_create_unauthorized_without_token" time="0.108" /><testcase classname="backend.tests.test_announcements_ai.TestAnnouncementsEmployeeAccess" name="test_12_employee_can_view_announcements" time="0.847"><skipped type="pytest.skip" message="Employee access test skipped - no employee credentials available">/app/backend/tests/test_announcements_ai.py:304: Employee access test skipped - no employee credentials available</skipped></testcase></testsuite></testsuites>