<?xml version="1.0" encoding="utf-8"?><testsuites name="pytest tests"><testsuite name="pytest" errors="0" failures="0" skipped="0" tests="11" time="1.309" timestamp="2026-02-21T07:36:30.022118+00:00" hostname="agent-env-f4908f3d-bfb7-4e8c-93f9-7d852bd64df0"><testcase classname="backend.tests.test_calendar_events.TestEventsAPI" name="test_get_events_returns_list" time="0.459" /><testcase classname="backend.tests.test_calendar_events.TestEventsAPI" name="test_create_event_with_query_params" time="0.058" /><testcase classname="backend.tests.test_calendar_events.TestEventsAPI" name="test_create_meeting_event" time="0.055" /><testcase classname="backend.tests.test_calendar_events.TestEventsAPI" name="test_create_generic_event" time="0.057" /><testcase classname="backend.tests.test_calendar_events.TestEventsAPI" name="test_events_include_approved_leaves" time="0.060" /><testcase classname="backend.tests.test_calendar_events.TestEventsAPI" name="test_delete_event_success" time="0.111" /><testcase classname="backend.tests.test_calendar_events.TestEventsAPI" name="test_delete_nonexistent_event" time="0.061" /><testcase classname="backend.tests.test_calendar_events.TestEventsAPI" name="test_filter_events_by_type" time="0.057" /><testcase classname="backend.tests.test_calendar_events.TestLeavesForCalendar" name="test_get_leaves_returns_approved_status" time="0.056" /><testcase classname="backend.tests.test_calendar_events.TestDashboardStats" name="test_dashboard_stats_returns_counts" time="0.061" /><testcase classname="backend.tests.test_calendar_events.TestCleanup" name="test_cleanup_test_events" time="0.220" /></testsuite></testsuites>