<?xml version="1.0" encoding="utf-8"?><testsuites name="pytest tests"><testsuite name="pytest" errors="0" failures="0" skipped="0" tests="19" time="10.923" timestamp="2026-02-20T23:10:42.931037+00:00" hostname="agent-env-f4908f3d-bfb7-4e8c-93f9-7d852bd64df0"><testcase classname="backend.tests.test_departments.TestDepartmentsCRUD" name="test_get_departments" time="0.576" /><testcase classname="backend.tests.test_departments.TestDepartmentsCRUD" name="test_existing_departments_have_correct_structure" time="0.436" /><testcase classname="backend.tests.test_departments.TestDepartmentsCRUD" name="test_create_department_with_office_category" time="0.654" /><testcase classname="backend.tests.test_departments.TestDepartmentsCRUD" name="test_create_department_with_remote_category" time="0.549" /><testcase classname="backend.tests.test_departments.TestDepartmentsCRUD" name="test_create_department_with_field_category" time="0.591" /><testcase classname="backend.tests.test_departments.TestDepartmentsCRUD" name="test_create_duplicate_department_fails" time="0.507" /><testcase classname="backend.tests.test_departments.TestDepartmentsCRUD" name="test_update_department_name" time="0.640" /><testcase classname="backend.tests.test_departments.TestDepartmentsCRUD" name="test_update_department_geofence_category" time="0.686" /><testcase classname="backend.tests.test_departments.TestDepartmentsCRUD" name="test_update_nonexistent_department" time="0.418" /><testcase classname="backend.tests.test_departments.TestDepartmentsCRUD" name="test_delete_empty_department" time="0.577" /><testcase classname="backend.tests.test_departments.TestDepartmentsCRUD" name="test_delete_department_with_employees_fails" time="0.579" /><testcase classname="backend.tests.test_departments.TestDepartmentsCRUD" name="test_delete_nonexistent_department" time="0.439" /><testcase classname="backend.tests.test_departments.TestEmployeeDepartmentDropdown" name="test_departments_api_returns_configured_departments_only" time="0.418" /><testcase classname="backend.tests.test_departments.TestEmployeeDepartmentDropdown" name="test_create_employee_with_configured_department" time="0.759" /><testcase classname="backend.tests.test_departments.TestEmployeeDepartmentDropdown" name="test_update_employee_department" time="0.864" /><testcase classname="backend.tests.test_departments.TestDepartmentGeofenceSync" name="test_department_auto_creates_geofence_assignment" time="0.627" /><testcase classname="backend.tests.test_departments.TestDepartmentGeofenceSync" name="test_department_delete_removes_geofence_assignment" time="0.629" /><testcase classname="backend.tests.test_departments.TestCleanup" name="test_cleanup_test_departments" time="0.436" /><testcase classname="backend.tests.test_departments.TestCleanup" name="test_cleanup_test_employees" time="0.412" /></testsuite></testsuites>