<?xml version="1.0" encoding="utf-8"?><testsuites name="pytest tests"><testsuite name="pytest" errors="0" failures="0" skipped="0" tests="12" time="7.286" timestamp="2026-02-20T22:45:57.369819+00:00" hostname="agent-env-f4908f3d-bfb7-4e8c-93f9-7d852bd64df0"><testcase classname="backend.tests.test_geofence.TestGeofenceAPIs" name="test_get_office_locations" time="0.636" /><testcase classname="backend.tests.test_geofence.TestGeofenceAPIs" name="test_create_office_location" time="0.727" /><testcase classname="backend.tests.test_geofence.TestGeofenceAPIs" name="test_delete_office_location" time="0.551" /><testcase classname="backend.tests.test_geofence.TestGeofenceAPIs" name="test_get_geofence_categories" time="0.576" /><testcase classname="backend.tests.test_geofence.TestGeofenceAPIs" name="test_update_geofence_category" time="0.684" /><testcase classname="backend.tests.test_geofence.TestGeofenceAPIs" name="test_get_department_geofence" time="0.483" /><testcase classname="backend.tests.test_geofence.TestGeofenceAPIs" name="test_create_department_geofence_assignment" time="0.564" /><testcase classname="backend.tests.test_geofence.TestGeofenceAPIs" name="test_delete_department_geofence_assignment" time="0.595" /><testcase classname="backend.tests.test_geofence.TestAttendanceGeolocation" name="test_checkin_without_location" time="0.471" /><testcase classname="backend.tests.test_geofence.TestAttendanceGeolocation" name="test_checkin_with_valid_location" time="0.974" /><testcase classname="backend.tests.test_geofence.TestAttendanceGeolocation" name="test_checkin_outside_geofence" time="0.453" /><testcase classname="backend.tests.test_geofence.TestCleanup" name="test_cleanup_test_offices" time="0.460" /></testsuite></testsuites>