<?xml version="1.0" encoding="utf-8"?><testsuites name="pytest tests"><testsuite name="pytest" errors="0" failures="0" skipped="0" tests="22" time="15.425" timestamp="2026-02-21T07:14:38.053157+00:00" hostname="agent-env-f4908f3d-bfb7-4e8c-93f9-7d852bd64df0"><testcase classname="backend.tests.test_leave_claim_overtime.TestAuth" name="test_admin_login" time="0.463" /><testcase classname="backend.tests.test_leave_claim_overtime.TestLeaveWorkflow" name="test_get_leave_balance" time="0.441" /><testcase classname="backend.tests.test_leave_claim_overtime.TestLeaveWorkflow" name="test_create_leave_request" time="0.105" /><testcase classname="backend.tests.test_leave_claim_overtime.TestLeaveWorkflow" name="test_get_leaves_list" time="0.099" /><testcase classname="backend.tests.test_leave_claim_overtime.TestLeaveWorkflow" name="test_approve_leave" time="0.247" /><testcase classname="backend.tests.test_leave_claim_overtime.TestLeaveWorkflow" name="test_reject_leave" time="0.197" /><testcase classname="backend.tests.test_leave_claim_overtime.TestClaimsWorkflow" name="test_create_claim" time="0.439" /><testcase classname="backend.tests.test_leave_claim_overtime.TestClaimsWorkflow" name="test_get_claims_list" time="0.103" /><testcase classname="backend.tests.test_leave_claim_overtime.TestClaimsWorkflow" name="test_approve_claim" time="0.248" /><testcase classname="backend.tests.test_leave_claim_overtime.TestClaimsWorkflow" name="test_reject_claim" time="0.202" /><testcase classname="backend.tests.test_leave_claim_overtime.TestClaimsWorkflow" name="test_claim_types" time="0.518" /><testcase classname="backend.tests.test_leave_claim_overtime.TestOvertimeWorkflow" name="test_create_overtime" time="0.431" /><testcase classname="backend.tests.test_leave_claim_overtime.TestOvertimeWorkflow" name="test_get_overtime_list" time="0.100" /><testcase classname="backend.tests.test_leave_claim_overtime.TestOvertimeWorkflow" name="test_approve_overtime" time="0.236" /><testcase classname="backend.tests.test_leave_claim_overtime.TestOvertimeWorkflow" name="test_reject_overtime" time="0.229" /><testcase classname="backend.tests.test_leave_claim_overtime.TestPerformanceWorkflow" name="test_get_employees_for_review" time="0.427" /><testcase classname="backend.tests.test_leave_claim_overtime.TestPerformanceWorkflow" name="test_create_performance_review" time="0.221" /><testcase classname="backend.tests.test_leave_claim_overtime.TestPerformanceWorkflow" name="test_get_performance_reviews" time="0.096" /><testcase classname="backend.tests.test_leave_claim_overtime.TestPerformanceWorkflow" name="test_generate_performance_insights" time="9.746" /><testcase classname="backend.tests.test_leave_claim_overtime.TestStatusFiltering" name="test_leaves_have_status_field" time="0.430" /><testcase classname="backend.tests.test_leave_claim_overtime.TestStatusFiltering" name="test_claims_have_status_field" time="0.098" /><testcase classname="backend.tests.test_leave_claim_overtime.TestStatusFiltering" name="test_overtime_has_status_field" time="0.218" /></testsuite></testsuites>