<?xml version="1.0" encoding="utf-8"?><testsuites name="pytest tests"><testsuite name="pytest" errors="0" failures="0" skipped="0" tests="14" time="6.972" timestamp="2026-02-21T04:31:47.769475+00:00" hostname="agent-env-f4908f3d-bfb7-4e8c-93f9-7d852bd64df0"><testcase classname="backend.tests.test_menu_config.TestMenuConfigBackend" name="test_get_menu_config_admin" time="0.581" /><testcase classname="backend.tests.test_menu_config.TestMenuConfigBackend" name="test_get_menu_config_employee" time="1.018" /><testcase classname="backend.tests.test_menu_config.TestMenuConfigBackend" name="test_get_menu_config_without_auth" time="0.165" /><testcase classname="backend.tests.test_menu_config.TestMenuConfigBackend" name="test_menu_config_has_all_default_items" time="0.401" /><testcase classname="backend.tests.test_menu_config.TestMenuConfigBackend" name="test_update_menu_config_admin" time="0.539" /><testcase classname="backend.tests.test_menu_config.TestMenuConfigBackend" name="test_update_menu_config_hide_per_role" time="0.540" /><testcase classname="backend.tests.test_menu_config.TestMenuConfigBackend" name="test_update_menu_config_employee_denied" time="0.741" /><testcase classname="backend.tests.test_menu_config.TestMenuConfigBackend" name="test_update_menu_config_without_auth" time="0.227" /><testcase classname="backend.tests.test_menu_config.TestMenuConfigBackend" name="test_reset_menu_config_admin" time="0.436" /><testcase classname="backend.tests.test_menu_config.TestMenuConfigBackend" name="test_reset_menu_config_employee_denied" time="0.772" /><testcase classname="backend.tests.test_menu_config.TestMenuConfigBackend" name="test_reset_menu_config_without_auth" time="0.136" /><testcase classname="backend.tests.test_menu_config.TestMenuConfigBackend" name="test_default_menu_config_hides_items_per_role" time="0.451" /><testcase classname="backend.tests.test_menu_config.TestMenuConfigBackend" name="test_menu_config_link_hidden_for_non_admin" time="0.457" /><testcase classname="backend.tests.test_menu_config.TestMenuConfigBackend" name="test_cleanup" time="0.395" /></testsuite></testsuites>