<?xml version="1.0" encoding="utf-8"?><testsuites name="pytest tests"><testsuite name="pytest" errors="0" failures="0" skipped="1" tests="16" time="35.300" timestamp="2026-02-22T08:13:28.080742+00:00" hostname="agent-env-8788df6d-9fbc-4f9f-9f79-b0b3c0517cd9"><testcase classname="backend.tests.test_reports_employee_filter.TestReportsEmployeeFilter" name="test_claims_report_all_employees_pdf" time="2.688" /><testcase classname="backend.tests.test_reports_employee_filter.TestReportsEmployeeFilter" name="test_claims_report_specific_employee_pdf" time="2.616" /><testcase classname="backend.tests.test_reports_employee_filter.TestReportsEmployeeFilter" name="test_claims_report_multiple_employees_pdf" time="2.379" /><testcase classname="backend.tests.test_reports_employee_filter.TestReportsEmployeeFilter" name="test_claims_report_specific_employee_csv" time="2.260" /><testcase classname="backend.tests.test_reports_employee_filter.TestReportsEmployeeFilter" name="test_claims_report_csv_employee_filter_verification" time="2.199" /><testcase classname="backend.tests.test_reports_employee_filter.TestReportsEmployeeFilter" name="test_leave_report_all_employees_pdf" time="2.016" /><testcase classname="backend.tests.test_reports_employee_filter.TestReportsEmployeeFilter" name="test_leave_report_specific_employee_csv" time="2.120" /><testcase classname="backend.tests.test_reports_employee_filter.TestReportsEmployeeFilter" name="test_attendance_report_all_employees_pdf" time="2.031" /><testcase classname="backend.tests.test_reports_employee_filter.TestReportsEmployeeFilter" name="test_attendance_report_specific_employee_csv" time="2.512" /><testcase classname="backend.tests.test_reports_employee_filter.TestReportsEmployeeFilter" name="test_attendance_report_multiple_employees_csv" time="2.221" /><testcase classname="backend.tests.test_reports_employee_filter.TestReportsEmployeeFilter" name="test_overtime_report_all_employees_pdf" time="2.571" /><testcase classname="backend.tests.test_reports_employee_filter.TestReportsEmployeeFilter" name="test_overtime_report_specific_employee_csv" time="2.282" /><testcase classname="backend.tests.test_reports_employee_filter.TestReportsEmployeeFilter" name="test_report_generation_unauthorized" time="0.406"><skipped type="pytest.skip" message="Cannot test employee authorization without valid employee credentials">/app/backend/tests/test_reports_employee_filter.py:286: Cannot test employee authorization without valid employee credentials</skipped></testcase><testcase classname="backend.tests.test_reports_employee_filter.TestReportsEmployeeFilter" name="test_report_empty_employee_ids_array" time="2.308" /><testcase classname="backend.tests.test_reports_employee_filter.TestReportsEmployeeFilter" name="test_report_invalid_date_range" time="2.040" /><testcase classname="backend.tests.test_reports_employee_filter.TestReportsEmployeeFilter" name="test_report_nonexistent_employee_id" time="2.580" /></testsuite></testsuites>